<?xml version="1.0" encoding="UTF-8"?>
<!-- Generated by org.testng.reporters.JUnitXMLReporter -->
<testsuite ignored="0" hostname="DESKTOP-2VVSUUT" failures="0" tests="1" name="browserTEST" time="72.295" errors="0" timestamp="03 Nov 2019 13:41:14 GMT">
  <testcase classname="com.wd.util.ParametersTest" name="@AfterTest teardown" time="0.0">
    <failure type="java.lang.NullPointerException">
      <![CDATA[java.lang.NullPointerException
at com.wd.util.ParametersTest.teardown(ParametersTest.java:46)
... Removed 24 stack frames]]>
    </failure>
  </testcase> <!-- @AfterTest teardown -->
  <testcase classname="com.wd.util.ParametersTest" name="broswertest" time="71.934"/>
</testsuite> <!-- browserTEST -->
