<?xml version="1.0" encoding="UTF-8"?>
<!-- Generated by org.testng.reporters.JUnitXMLReporter -->
<testsuite ignored="1" hostname="DESKTOP-2VVSUUT" failures="0" tests="2" name="loan" time="0.147" errors="0" timestamp="13 Nov 2019 07:01:23 GMT">
  <testcase classname="com.TestCase.Loans" name="HomeLoans" time="0.036"/>
  <testcase classname="com.TestCase.Loans" name="carLoans" time="0.004"/>
  <testcase classname="com.TestCase.Loans" name="personalLoans" time="0.0">
    <ignored/>
  </testcase> <!-- personalLoans -->
</testsuite> <!-- loan -->
