<?xml version="1.0" encoding="UTF-8"?>
<!-- Generated by org.testng.reporters.JUnitXMLReporter -->
<testsuite ignored="0" hostname="DESKTOP-2VVSUUT" failures="0" tests="3" name="chromeTest" time="96.506" errors="0" timestamp="10 Dec 2019 15:52:04 GMT">
  <testcase classname="com.TestCase.TestcasesParallel" name="firstname" time="1.852"/>
  <testcase classname="com.TestCase.TestcasesParallel" name="lastname" time="0.34"/>
  <testcase classname="com.TestCase.TestcasesParallel" name="mail" time="0.328"/>
</testsuite> <!-- chromeTest -->
