<?xml version="1.0" encoding="UTF-8"?>
<!-- Generated by org.testng.reporters.JUnitXMLReporter -->
<testsuite ignored="0" hostname="DESKTOP-2VVSUUT" failures="0" tests="3" name="firefoxTest" time="127.081" errors="0" timestamp="10 Dec 2019 15:52:29 GMT">
  <testcase classname="com.TestCase.TestcasesParallel" name="firstname" time="2.341"/>
  <testcase classname="com.TestCase.TestcasesParallel" name="lastname" time="0.458"/>
  <testcase classname="com.TestCase.TestcasesParallel" name="mail" time="0.894"/>
</testsuite> <!-- firefoxTest -->
