<?xml version="1.0" encoding="UTF-8"?>
<!-- Generated by org.testng.reporters.JUnitXMLReporter -->
<testsuite ignored="1" hostname="DESKTOP-2VVSUUT" failures="0" tests="2" name="Default test(failed)" time="0.156" errors="0" timestamp="03 Oct 2019 10:36:41 GMT">
  <testcase classname="TestNgbasics.RetryFailedTESTNG" name="test1" time="0.04"/>
  <testcase classname="TestNgbasics.RetryFailedTESTNG" name="test3" time="0.012"/>
  <testcase classname="TestNgbasics.RetryFailedTESTNG" name="test2" time="0.0">
    <ignored/>
  </testcase> <!-- test2 -->
</testsuite> <!-- Default test(failed) -->
