<?xml version="1.0" encoding="UTF-8"?>
<!-- Generated by org.testng.reporters.JUnitXMLReporter -->
<testsuite ignored="1" hostname="DESKTOP-2VVSUUT" failures="0" tests="2" name="test" time="0.144" errors="0" timestamp="25 Nov 2019 07:45:17 GMT">
  <testcase classname="TestNgbasics.testngdemogroups" name="TEST" time="0.032"/>
  <testcase classname="TestNgbasics.testngdemogroups" name="TEST1" time="0.008"/>
  <testcase classname="TestNgbasics.testngdemogroups" name="TEST2" time="0.0">
    <ignored/>
  </testcase> <!-- TEST2 -->
</testsuite> <!-- test -->
