<?xml version="1.0" encoding="UTF-8"?>
<testng-results ignored="0" total="2" passed="2" failed="0" skipped="0">
  <reporter-output>
  </reporter-output>
  <suite started-at="2020-02-02T06:46:03Z" name="Default suite" finished-at="2020-02-02T06:47:10Z" duration-ms="66123">
    <groups>
    </groups>
    <test started-at="2020-02-02T06:46:03Z" name="Default test" finished-at="2020-02-02T06:47:10Z" duration-ms="66123">
      <class name="Helper.Facebook_01">
        <test-method is-config="true" signature="setup()[pri:0, instance:Helper.Facebook_01@75f32542]" started-at="2020-02-02T06:46:03Z" name="setup" finished-at="2020-02-02T06:46:32Z" duration-ms="28783" status="PASS">
          <reporter-output>
          </reporter-output>
        </test-method> <!-- setup -->
        <test-method signature="loginpage()[pri:0, instance:Helper.Facebook_01@75f32542]" started-at="2020-02-02T06:46:32Z" name="loginpage" finished-at="2020-02-02T06:46:33Z" duration-ms="1009" status="PASS">
          <reporter-output>
          </reporter-output>
        </test-method> <!-- loginpage -->
        <test-method signature="newaccount()[pri:0, instance:Helper.Facebook_01@75f32542]" started-at="2020-02-02T06:46:33Z" name="newaccount" finished-at="2020-02-02T06:47:05Z" duration-ms="31905" status="PASS">
          <reporter-output>
          </reporter-output>
        </test-method> <!-- newaccount -->
        <test-method is-config="true" signature="teardown()[pri:0, instance:Helper.Facebook_01@75f32542]" started-at="2020-02-02T06:47:05Z" name="teardown" finished-at="2020-02-02T06:47:10Z" duration-ms="4314" status="PASS">
          <reporter-output>
          </reporter-output>
        </test-method> <!-- teardown -->
      </class> <!-- Helper.Facebook_01 -->
    </test> <!-- Default test -->
  </suite> <!-- Default suite -->
</testng-results>
