<?xml version="1.0" encoding="UTF-8"?>
<!-- Generated by org.testng.reporters.JUnitXMLReporter -->
<testsuite ignored="0" hostname="DESKTOP-2VVSUUT" failures="0" tests="9" name="Test" time="62.512" errors="0" timestamp="25 Sep 2019 09:40:55 GMT">
  <testcase classname="listeners.TestNGlistenersdemo" name="openbrowser" time="48.283"/>
  <testcase classname="listeners.TestNGlistenersdemo" name="loginpage" time="10.725"/>
  <testcase classname="listeners.TestNGlistenersdemo2" name="test1" time="0.008"/>
  <testcase classname="listeners.TestNGlistenersdemo" name="closebrowser" time="3.234"/>
  <testcase classname="listeners.TestNGlistenersdemo2" name="test2" time="0.0"/>
  <testcase classname="listeners.TestNGlistenersdemo2" name="test3" time="0.008"/>
  <testcase classname="listeners.TestNGlistenersdemo3" name="test4" time="0.008"/>
  <testcase classname="listeners.TestNGlistenersdemo3" name="test5" time="0.008"/>
  <testcase classname="listeners.TestNGlistenersdemo3" name="test6" time="0.032">
    <skipped/>
  </testcase> <!-- test6 -->
</testsuite> <!-- Test -->
