<?xml version="1.0" encoding="UTF-8"?>
<!-- Generated by org.testng.reporters.JUnitXMLReporter -->
<testsuite ignored="1" hostname="DESKTOP-2VVSUUT" failures="0" tests="3" name="Test" time="0.316" errors="0" timestamp="25 Nov 2019 08:55:39 GMT">
  <testcase classname="TestNgbasics.GroupsINTestNG" name="test1" time="0.07"/>
  <testcase classname="TestNgbasics.GroupsINTestNG" name="test3" time="0.011"/>
  <testcase classname="TestNgbasics.GroupsINTestNG" name="test4" time="0.004"/>
  <testcase classname="TestNgbasics.GroupsINTestNG" name="test2" time="0.0">
    <ignored/>
  </testcase> <!-- test2 -->
</testsuite> <!-- Test -->
