<?xml version="1.0" encoding="UTF-8"?>
<!-- Generated by org.testng.reporters.JUnitXMLReporter -->
<testsuite ignored="0" hostname="DESKTOP-2VVSUUT" failures="0" tests="4" name="Default test" time="0.135" errors="0" timestamp="25 Nov 2019 08:43:31 GMT">
  <testcase classname="TestNgbasics.GroupsINTestNG" name="test1" time="0.024"/>
  <testcase classname="TestNgbasics.GroupsINTestNG" name="test2" time="0.004"/>
  <testcase classname="TestNgbasics.GroupsINTestNG" name="test3" time="0.004"/>
  <testcase classname="TestNgbasics.GroupsINTestNG" name="test4" time="0.003"/>
</testsuite> <!-- Default test -->
