<?xml version="1.0" encoding="UTF-8"?>
<!-- Generated by org.testng.reporters.JUnitXMLReporter -->
<testsuite ignored="0" hostname="DESKTOP-2VVSUUT" failures="0" tests="4" name="Default test" time="0.117" errors="0" timestamp="27 Sep 2019 10:33:43 GMT">
  <testcase classname="listeners.dependsON" name="test2" time="0.031"/>
  <testcase classname="listeners.dependsON" name="test1" time="0.0"/>
  <testcase classname="listeners.dependsON" name="test3" time="0.016"/>
  <testcase classname="listeners.dependsON" name="test4" time="0.0"/>
</testsuite> <!-- Default test -->
