<?xml version="1.0" encoding="UTF-8"?>
<!-- Generated by org.testng.reporters.JUnitXMLReporter -->
<testsuite ignored="0" hostname="DESKTOP-2VVSUUT" failures="1" tests="1" name="Test0" time="7.672" errors="0" timestamp="01 Oct 2019 09:22:30 GMT">
  <testcase classname="TestNgbasics.TsrtcTestNG" name="@AfterTest getallservices" time="0.028">
    <failure type="java.lang.NullPointerException">
      <![CDATA[java.lang.NullPointerException
at TestNgbasics.TsrtcTestNG.getallservices(TsrtcTestNG.java:59)
... Removed 24 stack frames]]>
    </failure>
  </testcase> <!-- @AfterTest getallservices -->
  <testcase classname="TestNgbasics.TsrtcTestNG" name="openbrowser" time="0.105">
    <failure type="java.lang.NullPointerException">
      <![CDATA[java.lang.NullPointerException
at TestNgbasics.TsrtcTestNG.openbrowser(TsrtcTestNG.java:31)
... Removed 25 stack frames]]>
    </failure>
  </testcase> <!-- openbrowser -->
</testsuite> <!-- Test0 -->
