<?xml version="1.0" encoding="UTF-8"?>
<!-- Generated by org.testng.reporters.JUnitXMLReporter -->
<testsuite ignored="2" hostname="DESKTOP-2VVSUUT" failures="0" tests="2" name="test1" time="0.159" errors="0" timestamp="25 Nov 2019 08:59:22 GMT">
  <testcase classname="TestNgbasics.GroupsINTestNG" name="test2" time="0.03"/>
  <testcase classname="TestNgbasics.GroupsINTestNG" name="test3" time="0.006"/>
  <testcase classname="TestNgbasics.GroupsINTestNG" name="test1" time="0.0">
    <ignored/>
  </testcase> <!-- test1 -->
  <testcase classname="TestNgbasics.GroupsINTestNG" name="test4" time="0.0">
    <ignored/>
  </testcase> <!-- test4 -->
</testsuite> <!-- test1 -->
